2019-08-14 16:14:20.999+0000 [id=1]	INFO	org.eclipse.jetty.util.log.Log#initialized: Logging initialized @5944ms to org.eclipse.jetty.util.log.JavaUtilLog
2019-08-14 16:14:21.140+0000 [id=1]	INFO	winstone.Logger#logInternal: Beginning extraction from war file
2019-08-14 16:15:14.667+0000 [id=1]	WARNING	o.e.j.s.handler.ContextHandler#setContextPath: Empty contextPath
2019-08-14 16:15:14.741+0000 [id=1]	INFO	org.eclipse.jetty.server.Server#doStart: jetty-9.4.z-SNAPSHOT; built: 2019-05-02T00:04:53.875Z; git: e1bc35120a6617ee3df052294e433f3a25ce7097; jvm 1.8.0_144-b01
2019-08-14 16:15:15.606+0000 [id=1]	INFO	o.e.j.w.StandardDescriptorProcessor#visitServlet: NO JSP Support for /, did not find org.eclipse.jetty.jsp.JettyJspServlet
2019-08-14 16:15:15.693+0000 [id=1]	INFO	o.e.j.s.s.DefaultSessionIdManager#doStart: DefaultSessionIdManager workerName=node0
2019-08-14 16:15:15.694+0000 [id=1]	INFO	o.e.j.s.s.DefaultSessionIdManager#doStart: No SessionScavenger set, using defaults
2019-08-14 16:15:15.698+0000 [id=1]	INFO	o.e.j.server.session.HouseKeeper#startScavenging: node0 Scavenging every 600000ms
2019-08-14 16:15:18.323+0000 [id=1]	INFO	o.e.j.s.handler.ContextHandler#doStart: Started w.@1bd44c{Jenkins v2.189,/,file:///C:/Program%20Files%20(x86)/Jenkins/war/,AVAILABLE}{C:\Program Files (x86)\Jenkins\war}
2019-08-14 16:15:18.378+0000 [id=1]	INFO	o.e.j.server.AbstractConnector#doStart: Started ServerConnector@13defed{HTTP/1.1,[http/1.1]}{0.0.0.0:8080}
2019-08-14 16:15:18.378+0000 [id=1]	INFO	org.eclipse.jetty.server.Server#doStart: Started @63324ms
2019-08-14 16:15:18.387+0000 [id=19]	INFO	winstone.Logger#logInternal: Winstone Servlet Engine v4.0 running: controlPort=disabled
2019-08-14 16:15:22.196+0000 [id=26]	INFO	jenkins.InitReactorRunner$1#onAttained: Started initialization
2019-08-14 16:15:22.235+0000 [id=31]	INFO	jenkins.InitReactorRunner$1#onAttained: Listed all plugins
2019-08-14 16:15:25.038+0000 [id=31]	INFO	jenkins.InitReactorRunner$1#onAttained: Prepared all plugins
2019-08-14 16:15:25.049+0000 [id=30]	INFO	jenkins.InitReactorRunner$1#onAttained: Started all plugins
2019-08-14 16:15:25.367+0000 [id=31]	INFO	jenkins.InitReactorRunner$1#onAttained: Augmented all extensions
2019-08-14 16:15:29.779+0000 [id=31]	INFO	jenkins.InitReactorRunner$1#onAttained: Loaded all jobs
2019-08-14 16:15:29.813+0000 [id=44]	INFO	hudson.model.AsyncPeriodicWork$1#run: Started Download metadata
2019-08-14 16:15:29.831+0000 [id=44]	INFO	hudson.util.Retrier#start: Attempt #1 to do the action check updates server
2019-08-14 16:15:31.348+0000 [id=31]	INFO	o.s.c.s.AbstractApplicationContext#prepareRefresh: Refreshing org.springframework.web.context.support.StaticWebApplicationContext@1357231: display name [Root WebApplicationContext]; startup date [Thu Aug 15 00:15:31 CST 2019]; root of context hierarchy
2019-08-14 16:15:31.349+0000 [id=31]	INFO	o.s.c.s.AbstractApplicationContext#obtainFreshBeanFactory: Bean factory for application context [org.springframework.web.context.support.StaticWebApplicationContext@1357231]: org.springframework.beans.factory.support.DefaultListableBeanFactory@1b00b71
2019-08-14 16:15:31.373+0000 [id=31]	INFO	o.s.b.f.s.DefaultListableBeanFactory#preInstantiateSingletons: Pre-instantiating singletons in org.springframework.beans.factory.support.DefaultListableBeanFactory@1b00b71: defining beans [authenticationManager]; root of factory hierarchy
2019-08-14 16:15:31.698+0000 [id=31]	INFO	o.s.c.s.AbstractApplicationContext#prepareRefresh: Refreshing org.springframework.web.context.support.StaticWebApplicationContext@680e21: display name [Root WebApplicationContext]; startup date [Thu Aug 15 00:15:31 CST 2019]; root of context hierarchy
2019-08-14 16:15:31.699+0000 [id=31]	INFO	o.s.c.s.AbstractApplicationContext#obtainFreshBeanFactory: Bean factory for application context [org.springframework.web.context.support.StaticWebApplicationContext@680e21]: org.springframework.beans.factory.support.DefaultListableBeanFactory@71c5bc
2019-08-14 16:15:31.699+0000 [id=31]	INFO	o.s.b.f.s.DefaultListableBeanFactory#preInstantiateSingletons: Pre-instantiating singletons in org.springframework.beans.factory.support.DefaultListableBeanFactory@71c5bc: defining beans [filter,legacy]; root of factory hierarchy
2019-08-14 16:15:32.705+0000 [id=31]	INFO	jenkins.install.SetupWizard#init: 

*************************************************************
*************************************************************
*************************************************************

Jenkins initial setup is required. An admin user has been created and a password generated.
Please use the following password to proceed to installation:

f2f372d97f0e4266a5cb96cd41d7052c

This may also be found at: C:\Program Files (x86)\Jenkins\secrets\initialAdminPassword

*************************************************************
*************************************************************
*************************************************************

2019-08-14 16:16:02.427+0000 [id=31]	INFO	hudson.model.UpdateSite#updateData: Obtained the latest update center data file for UpdateSource default
2019-08-14 16:16:02.434+0000 [id=44]	INFO	hudson.model.UpdateSite#updateData: Obtained the latest update center data file for UpdateSource default
2019-08-14 16:16:03.371+0000 [id=31]	INFO	jenkins.InitReactorRunner$1#onAttained: Completed initialization
2019-08-14 16:16:03.495+0000 [id=18]	INFO	hudson.WebAppMain$3#run: Jenkins is fully up and running
2019-08-14 16:16:04.150+0000 [id=44]	INFO	h.m.DownloadService$Downloadable#load: Obtained the updated data file for hudson.tasks.Maven.MavenInstaller
2019-08-14 16:16:04.151+0000 [id=44]	INFO	hudson.util.Retrier#start: Performed the action check updates server successfully at the attempt #1
2019-08-14 16:16:04.158+0000 [id=44]	INFO	hudson.model.AsyncPeriodicWork$1#run: Finished Download metadata. 34,343 ms
2019-08-14 16:16:25.233+0000 [id=15]	INFO	o.k.s.LocaleDrivenResourceProvider#getLocaleDrivenResourceProviders: Registered LocaleDrivenResourceProvider: jenkins.MetaLocaleDrivenResourceProvider@1bf6dfe
2019-08-14 16:16:54.819+0000 [id=8]	INFO	hudson.PluginManager#install: Starting installation of a batch of 20 plugins plus their dependencies
2019-08-14 16:16:54.819+0000 [id=8]	INFO	hudson.model.UpdateSite$Plugin#deploy: Adding dependent install of trilead-api for plugin cloudbees-folder
2019-08-14 16:16:54.820+0000 [id=8]	INFO	hudson.model.UpdateSite$Plugin#deploy: Adding dependent install of junit for plugin antisamy-markup-formatter
2019-08-14 16:16:54.821+0000 [id=8]	INFO	hudson.model.UpdateSite$Plugin#deploy: Adding dependent install of script-security for plugin junit
2019-08-14 16:16:54.821+0000 [id=8]	INFO	hudson.model.UpdateSite$Plugin#deploy: Adding dependent install of jdk-tool for plugin script-security
2019-08-14 16:16:54.821+0000 [id=8]	INFO	hudson.model.UpdateSite$Plugin#deploy: Adding dependent install of workflow-step-api for plugin junit
2019-08-14 16:16:54.821+0000 [id=83]	INFO	h.model.UpdateCenter$DownloadJob#run: Starting the installation of trilead-api on behalf of admin
2019-08-14 16:16:54.822+0000 [id=8]	INFO	hudson.model.UpdateSite$Plugin#deploy: Adding dependent install of structs for plugin workflow-step-api
2019-08-14 16:16:54.823+0000 [id=8]	INFO	hudson.model.UpdateSite$Plugin#deploy: Adding dependent install of workflow-api for plugin junit
2019-08-14 16:16:54.823+0000 [id=8]	INFO	hudson.model.UpdateSite$Plugin#deploy: Adding dependent install of scm-api for plugin workflow-api
2019-08-14 16:16:54.824+0000 [id=8]	INFO	hudson.model.UpdateSite$Plugin#deploy: Adding dependent install of command-launcher for plugin antisamy-markup-formatter
2019-08-14 16:16:54.824+0000 [id=8]	INFO	hudson.model.UpdateSite$Plugin#deploy: Adding dependent install of bouncycastle-api for plugin antisamy-markup-formatter
2019-08-14 16:16:54.825+0000 [id=8]	INFO	hudson.model.UpdateSite$Plugin#deploy: Adding dependent install of token-macro for plugin build-timeout
2019-08-14 16:16:54.826+0000 [id=8]	INFO	hudson.model.UpdateSite$Plugin#deploy: Adding dependent install of plain-credentials for plugin credentials-binding
2019-08-14 16:16:54.826+0000 [id=8]	INFO	hudson.model.UpdateSite$Plugin#deploy: Adding dependent install of credentials for plugin plain-credentials
2019-08-14 16:16:54.827+0000 [id=8]	INFO	hudson.model.UpdateSite$Plugin#deploy: Adding dependent install of ssh-credentials for plugin credentials-binding
2019-08-14 16:16:54.828+0000 [id=8]	INFO	hudson.model.UpdateSite$Plugin#deploy: Adding dependent install of workflow-durable-task-step for plugin ws-cleanup
2019-08-14 16:16:54.828+0000 [id=8]	INFO	hudson.model.UpdateSite$Plugin#deploy: Adding dependent install of workflow-support for plugin workflow-durable-task-step
2019-08-14 16:16:54.828+0000 [id=8]	INFO	hudson.model.UpdateSite$Plugin#deploy: Adding dependent install of durable-task for plugin workflow-durable-task-step
2019-08-14 16:16:54.829+0000 [id=8]	INFO	hudson.model.UpdateSite$Plugin#deploy: Adding dependent install of matrix-project for plugin ws-cleanup
2019-08-14 16:16:54.830+0000 [id=8]	INFO	hudson.model.UpdateSite$Plugin#deploy: Adding dependent install of resource-disposer for plugin ws-cleanup
2019-08-14 16:16:54.831+0000 [id=8]	INFO	hudson.model.UpdateSite$Plugin#deploy: Adding dependent install of workflow-cps for plugin gradle
2019-08-14 16:16:54.831+0000 [id=8]	INFO	hudson.model.UpdateSite$Plugin#deploy: Adding dependent install of ace-editor for plugin workflow-cps
2019-08-14 16:16:54.832+0000 [id=8]	INFO	hudson.model.UpdateSite$Plugin#deploy: Adding dependent install of jquery-detached for plugin workflow-cps
2019-08-14 16:16:54.832+0000 [id=8]	INFO	hudson.model.UpdateSite$Plugin#deploy: Adding dependent install of workflow-scm-step for plugin workflow-cps
2019-08-14 16:16:54.833+0000 [id=8]	INFO	hudson.model.UpdateSite$Plugin#deploy: Adding dependent install of workflow-job for plugin gradle
2019-08-14 16:16:54.833+0000 [id=8]	INFO	hudson.model.UpdateSite$Plugin#deploy: Adding dependent install of workflow-basic-steps for plugin gradle
2019-08-14 16:16:54.834+0000 [id=8]	INFO	hudson.model.UpdateSite$Plugin#deploy: Adding dependent install of apache-httpcomponents-client-4-api for plugin workflow-basic-steps
2019-08-14 16:16:54.834+0000 [id=8]	INFO	hudson.model.UpdateSite$Plugin#deploy: Adding dependent install of mailer for plugin workflow-basic-steps
2019-08-14 16:16:54.835+0000 [id=8]	INFO	hudson.model.UpdateSite$Plugin#deploy: Adding dependent install of display-url-api for plugin mailer
2019-08-14 16:16:54.835+0000 [id=8]	INFO	hudson.model.UpdateSite$Plugin#deploy: Adding dependent install of pipeline-milestone-step for plugin workflow-aggregator
2019-08-14 16:16:54.836+0000 [id=8]	INFO	hudson.model.UpdateSite$Plugin#deploy: Adding dependent install of pipeline-stage-view for plugin workflow-aggregator
2019-08-14 16:16:54.836+0000 [id=8]	INFO	hudson.model.UpdateSite$Plugin#deploy: Adding dependent install of pipeline-rest-api for plugin pipeline-stage-view
2019-08-14 16:16:54.837+0000 [id=8]	INFO	hudson.model.UpdateSite$Plugin#deploy: Adding dependent install of jackson2-api for plugin pipeline-rest-api
2019-08-14 16:16:54.837+0000 [id=8]	INFO	hudson.model.UpdateSite$Plugin#deploy: Adding dependent install of pipeline-graph-analysis for plugin pipeline-rest-api
2019-08-14 16:16:54.837+0000 [id=8]	INFO	hudson.model.UpdateSite$Plugin#deploy: Adding dependent install of pipeline-input-step for plugin pipeline-graph-analysis
2019-08-14 16:16:54.838+0000 [id=8]	INFO	hudson.model.UpdateSite$Plugin#deploy: Adding dependent install of pipeline-stage-step for plugin pipeline-graph-analysis
2019-08-14 16:16:54.838+0000 [id=8]	INFO	hudson.model.UpdateSite$Plugin#deploy: Adding dependent install of handlebars for plugin pipeline-stage-view
2019-08-14 16:16:54.839+0000 [id=8]	INFO	hudson.model.UpdateSite$Plugin#deploy: Adding dependent install of momentjs for plugin pipeline-stage-view
2019-08-14 16:16:54.839+0000 [id=8]	INFO	hudson.model.UpdateSite$Plugin#deploy: Adding dependent install of pipeline-build-step for plugin workflow-aggregator
2019-08-14 16:16:54.839+0000 [id=8]	INFO	hudson.model.UpdateSite$Plugin#deploy: Adding dependent install of pipeline-model-definition for plugin workflow-aggregator
2019-08-14 16:16:54.840+0000 [id=8]	INFO	hudson.model.UpdateSite$Plugin#deploy: Adding dependent install of pipeline-model-extensions for plugin pipeline-model-definition
2019-08-14 16:16:54.840+0000 [id=8]	INFO	hudson.model.UpdateSite$Plugin#deploy: Adding dependent install of pipeline-model-api for plugin pipeline-model-extensions
2019-08-14 16:16:54.841+0000 [id=8]	INFO	hudson.model.UpdateSite$Plugin#deploy: Adding dependent install of workflow-cps-global-lib for plugin pipeline-model-definition
2019-08-14 16:16:54.842+0000 [id=8]	INFO	hudson.model.UpdateSite$Plugin#deploy: Adding dependent install of git-server for plugin workflow-cps-global-lib
2019-08-14 16:16:54.842+0000 [id=8]	INFO	hudson.model.UpdateSite$Plugin#deploy: Adding dependent install of git-client for plugin git-server
2019-08-14 16:16:54.843+0000 [id=8]	INFO	hudson.model.UpdateSite$Plugin#deploy: Adding dependent install of jsch for plugin git-client
2019-08-14 16:16:54.844+0000 [id=8]	INFO	hudson.model.UpdateSite$Plugin#deploy: Adding dependent install of workflow-multibranch for plugin pipeline-model-definition
2019-08-14 16:16:54.844+0000 [id=8]	INFO	hudson.model.UpdateSite$Plugin#deploy: Adding dependent install of branch-api for plugin workflow-multibranch
2019-08-14 16:16:54.844+0000 [id=8]	INFO	hudson.model.UpdateSite$Plugin#deploy: Adding dependent install of docker-workflow for plugin pipeline-model-definition
2019-08-14 16:16:54.845+0000 [id=8]	INFO	hudson.model.UpdateSite$Plugin#deploy: Adding dependent install of docker-commons for plugin docker-workflow
2019-08-14 16:16:54.846+0000 [id=8]	INFO	hudson.model.UpdateSite$Plugin#deploy: Adding dependent install of authentication-tokens for plugin docker-commons
2019-08-14 16:16:54.846+0000 [id=8]	INFO	hudson.model.UpdateSite$Plugin#deploy: Adding dependent install of pipeline-stage-tags-metadata for plugin pipeline-model-definition
2019-08-14 16:16:54.847+0000 [id=8]	INFO	hudson.model.UpdateSite$Plugin#deploy: Adding dependent install of pipeline-model-declarative-agent for plugin pipeline-model-definition
2019-08-14 16:16:54.848+0000 [id=8]	INFO	hudson.model.UpdateSite$Plugin#deploy: Adding dependent install of lockable-resources for plugin workflow-aggregator
2019-08-14 16:16:54.849+0000 [id=8]	INFO	hudson.model.UpdateSite$Plugin#deploy: Adding dependent install of github-api for plugin github-branch-source
2019-08-14 16:16:54.849+0000 [id=8]	INFO	hudson.model.UpdateSite$Plugin#deploy: Adding dependent install of github for plugin github-branch-source
2019-08-14 16:16:54.849+0000 [id=8]	INFO	hudson.model.UpdateSite$Plugin#deploy: Adding dependent install of git for plugin github
2019-08-14 16:16:54.852+0000 [id=8]	INFO	hudson.model.UpdateSite$Plugin#deploy: Adding dependent install of mapdb-api for plugin subversion
2019-08-14 16:16:58.208+0000 [id=83]	INFO	h.m.UpdateCenter$UpdateCenterConfiguration#download: Downloading trilead-api
2019-08-14 16:17:01.650+0000 [id=83]	INFO	h.model.UpdateCenter$DownloadJob#run: Installation successful: trilead-api
2019-08-14 16:17:01.651+0000 [id=83]	INFO	h.model.UpdateCenter$DownloadJob#run: Starting the installation of cloudbees-folder on behalf of admin
2019-08-14 16:17:03.473+0000 [id=83]	INFO	h.m.UpdateCenter$UpdateCenterConfiguration#download: Downloading cloudbees-folder
2019-08-14 16:17:05.411+0000 [id=83]	INFO	h.model.UpdateCenter$DownloadJob#run: Installation successful: cloudbees-folder
2019-08-14 16:17:05.411+0000 [id=83]	INFO	h.model.UpdateCenter$DownloadJob#run: Starting the installation of jdk-tool on behalf of admin
2019-08-14 16:17:07.308+0000 [id=83]	INFO	h.m.UpdateCenter$UpdateCenterConfiguration#download: Downloading jdk-tool
2019-08-14 16:17:08.233+0000 [id=83]	INFO	h.model.UpdateCenter$DownloadJob#run: Installation successful: jdk-tool
2019-08-14 16:17:08.233+0000 [id=83]	INFO	h.model.UpdateCenter$DownloadJob#run: Starting the installation of script-security on behalf of admin
2019-08-14 16:17:09.911+0000 [id=83]	INFO	h.m.UpdateCenter$UpdateCenterConfiguration#download: Downloading script-security
2019-08-14 16:17:15.539+0000 [id=83]	INFO	h.model.UpdateCenter$DownloadJob#run: Installation successful: script-security
2019-08-14 16:17:15.539+0000 [id=83]	INFO	h.model.UpdateCenter$DownloadJob#run: Starting the installation of structs on behalf of admin
2019-08-14 16:17:17.234+0000 [id=83]	INFO	h.m.UpdateCenter$UpdateCenterConfiguration#download: Downloading structs
2019-08-14 16:17:18.631+0000 [id=83]	INFO	h.model.UpdateCenter$DownloadJob#run: Installation successful: structs
2019-08-14 16:17:18.632+0000 [id=83]	INFO	h.model.UpdateCenter$DownloadJob#run: Starting the installation of workflow-step-api on behalf of admin
2019-08-14 16:17:20.001+0000 [id=83]	INFO	h.m.UpdateCenter$UpdateCenterConfiguration#download: Downloading workflow-step-api
2019-08-14 16:17:20.893+0000 [id=83]	INFO	h.model.UpdateCenter$DownloadJob#run: Installation successful: workflow-step-api
2019-08-14 16:17:20.893+0000 [id=83]	INFO	h.model.UpdateCenter$DownloadJob#run: Starting the installation of scm-api on behalf of admin
2019-08-14 16:17:22.673+0000 [id=83]	INFO	h.m.UpdateCenter$UpdateCenterConfiguration#download: Downloading scm-api
2019-08-14 16:17:24.684+0000 [id=83]	INFO	h.model.UpdateCenter$DownloadJob#run: Installation successful: scm-api
2019-08-14 16:17:24.684+0000 [id=83]	INFO	h.model.UpdateCenter$DownloadJob#run: Starting the installation of workflow-api on behalf of admin
2019-08-14 16:17:26.131+0000 [id=83]	INFO	h.m.UpdateCenter$UpdateCenterConfiguration#download: Downloading workflow-api
2019-08-14 16:17:27.344+0000 [id=83]	INFO	h.model.UpdateCenter$DownloadJob#run: Installation successful: workflow-api
2019-08-14 16:17:27.344+0000 [id=83]	INFO	h.model.UpdateCenter$DownloadJob#run: Starting the installation of junit on behalf of admin
2019-08-14 16:17:28.714+0000 [id=83]	INFO	h.m.UpdateCenter$UpdateCenterConfiguration#download: Downloading junit
2019-08-14 16:17:31.156+0000 [id=83]	INFO	h.model.UpdateCenter$DownloadJob#run: Installation successful: junit
2019-08-14 16:17:31.156+0000 [id=83]	INFO	h.model.UpdateCenter$DownloadJob#run: Starting the installation of command-launcher on behalf of admin
2019-08-14 16:17:32.825+0000 [id=83]	INFO	h.m.UpdateCenter$UpdateCenterConfiguration#download: Downloading command-launcher
2019-08-14 16:17:34.206+0000 [id=83]	INFO	h.model.UpdateCenter$DownloadJob#run: Installation successful: command-launcher
2019-08-14 16:17:34.206+0000 [id=83]	INFO	h.model.UpdateCenter$DownloadJob#run: Starting the installation of bouncycastle-api on behalf of admin
2019-08-14 16:17:35.556+0000 [id=83]	INFO	h.m.UpdateCenter$UpdateCenterConfiguration#download: Downloading bouncycastle-api
2019-08-14 16:17:55.178+0000 [id=83]	INFO	h.model.UpdateCenter$DownloadJob#run: Installation successful: bouncycastle-api
2019-08-14 16:17:55.178+0000 [id=83]	INFO	h.model.UpdateCenter$DownloadJob#run: Starting the installation of antisamy-markup-formatter on behalf of admin
2019-08-14 16:17:56.666+0000 [id=83]	INFO	h.m.UpdateCenter$UpdateCenterConfiguration#download: Downloading antisamy-markup-formatter
2019-08-14 16:17:58.359+0000 [id=83]	INFO	h.model.UpdateCenter$DownloadJob#run: Installation successful: antisamy-markup-formatter
2019-08-14 16:17:58.359+0000 [id=83]	INFO	h.model.UpdateCenter$DownloadJob#run: Starting the installation of token-macro on behalf of admin
2019-08-14 16:17:59.786+0000 [id=83]	INFO	h.m.UpdateCenter$UpdateCenterConfiguration#download: Downloading token-macro
2019-08-14 16:18:04.712+0000 [id=83]	INFO	h.model.UpdateCenter$DownloadJob#run: Installation successful: token-macro
2019-08-14 16:18:04.712+0000 [id=83]	INFO	h.model.UpdateCenter$DownloadJob#run: Starting the installation of build-timeout on behalf of admin
2019-08-14 16:18:06.146+0000 [id=83]	INFO	h.m.UpdateCenter$UpdateCenterConfiguration#download: Downloading build-timeout
2019-08-14 16:18:07.034+0000 [id=83]	INFO	h.model.UpdateCenter$DownloadJob#run: Installation successful: build-timeout
2019-08-14 16:18:07.034+0000 [id=83]	INFO	h.model.UpdateCenter$DownloadJob#run: Starting the installation of credentials on behalf of admin
2019-08-14 16:18:08.826+0000 [id=83]	INFO	h.m.UpdateCenter$UpdateCenterConfiguration#download: Downloading credentials
2019-08-14 16:18:16.761+0000 [id=83]	INFO	h.model.UpdateCenter$DownloadJob#run: Installation successful: credentials
2019-08-14 16:18:16.762+0000 [id=83]	INFO	h.model.UpdateCenter$DownloadJob#run: Starting the installation of plain-credentials on behalf of admin
2019-08-14 16:18:18.357+0000 [id=83]	INFO	h.m.UpdateCenter$UpdateCenterConfiguration#download: Downloading plain-credentials
2019-08-14 16:18:19.201+0000 [id=83]	INFO	h.model.UpdateCenter$DownloadJob#run: Installation successful: plain-credentials
2019-08-14 16:18:19.201+0000 [id=83]	INFO	h.model.UpdateCenter$DownloadJob#run: Starting the installation of ssh-credentials on behalf of admin
2019-08-14 16:18:21.133+0000 [id=83]	INFO	h.m.UpdateCenter$UpdateCenterConfiguration#download: Downloading ssh-credentials
2019-08-14 16:18:22.270+0000 [id=83]	INFO	h.model.UpdateCenter$DownloadJob#run: Installation successful: ssh-credentials
2019-08-14 16:18:22.270+0000 [id=83]	INFO	h.model.UpdateCenter$DownloadJob#run: Starting the installation of credentials-binding on behalf of admin
2019-08-14 16:18:23.886+0000 [id=83]	INFO	h.m.UpdateCenter$UpdateCenterConfiguration#download: Downloading credentials-binding
2019-08-14 16:18:24.987+0000 [id=83]	INFO	h.model.UpdateCenter$DownloadJob#run: Installation successful: credentials-binding
2019-08-14 16:18:24.987+0000 [id=83]	INFO	h.model.UpdateCenter$DownloadJob#run: Starting the installation of timestamper on behalf of admin
2019-08-14 16:18:26.746+0000 [id=83]	INFO	h.m.UpdateCenter$UpdateCenterConfiguration#download: Downloading timestamper
2019-08-14 16:18:27.761+0000 [id=83]	INFO	h.model.UpdateCenter$DownloadJob#run: Installation successful: timestamper
2019-08-14 16:18:27.761+0000 [id=83]	INFO	h.model.UpdateCenter$DownloadJob#run: Starting the installation of workflow-support on behalf of admin
2019-08-14 16:18:29.548+0000 [id=83]	INFO	h.m.UpdateCenter$UpdateCenterConfiguration#download: Downloading workflow-support
2019-08-14 16:18:32.651+0000 [id=83]	INFO	h.model.UpdateCenter$DownloadJob#run: Installation successful: workflow-support
2019-08-14 16:18:32.651+0000 [id=83]	INFO	h.model.UpdateCenter$DownloadJob#run: Starting the installation of durable-task on behalf of admin
2019-08-14 16:18:34.395+0000 [id=83]	INFO	h.m.UpdateCenter$UpdateCenterConfiguration#download: Downloading durable-task
2019-08-14 16:18:35.392+0000 [id=83]	INFO	h.model.UpdateCenter$DownloadJob#run: Installation successful: durable-task
2019-08-14 16:18:35.393+0000 [id=83]	INFO	h.model.UpdateCenter$DownloadJob#run: Starting the installation of workflow-durable-task-step on behalf of admin
2019-08-14 16:18:37.196+0000 [id=83]	INFO	h.m.UpdateCenter$UpdateCenterConfiguration#download: Downloading workflow-durable-task-step
2019-08-14 16:18:38.433+0000 [id=83]	INFO	h.model.UpdateCenter$DownloadJob#run: Installation successful: workflow-durable-task-step
2019-08-14 16:18:38.433+0000 [id=83]	INFO	h.model.UpdateCenter$DownloadJob#run: Starting the installation of matrix-project on behalf of admin
2019-08-14 16:18:40.105+0000 [id=83]	INFO	h.m.UpdateCenter$UpdateCenterConfiguration#download: Downloading matrix-project
2019-08-14 16:18:42.323+0000 [id=83]	INFO	h.model.UpdateCenter$DownloadJob#run: Installation successful: matrix-project
2019-08-14 16:18:42.323+0000 [id=83]	INFO	h.model.UpdateCenter$DownloadJob#run: Starting the installation of resource-disposer on behalf of admin
2019-08-14 16:18:43.691+0000 [id=83]	INFO	h.m.UpdateCenter$UpdateCenterConfiguration#download: Downloading resource-disposer
2019-08-14 16:18:44.184+0000 [id=83]	INFO	h.model.UpdateCenter$DownloadJob#run: Installation successful: resource-disposer
2019-08-14 16:18:44.185+0000 [id=83]	INFO	h.model.UpdateCenter$DownloadJob#run: Starting the installation of ws-cleanup on behalf of admin
2019-08-14 16:18:45.865+0000 [id=83]	INFO	h.m.UpdateCenter$UpdateCenterConfiguration#download: Downloading ws-cleanup
2019-08-14 16:18:49.148+0000 [id=83]	INFO	h.model.UpdateCenter$DownloadJob#run: Installation successful: ws-cleanup
2019-08-14 16:18:49.149+0000 [id=83]	INFO	h.model.UpdateCenter$DownloadJob#run: Starting the installation of ant on behalf of admin
2019-08-14 16:18:50.984+0000 [id=83]	INFO	h.m.UpdateCenter$UpdateCenterConfiguration#download: Downloading ant
2019-08-14 16:18:51.852+0000 [id=83]	INFO	h.model.UpdateCenter$DownloadJob#run: Installation successful: ant
2019-08-14 16:18:51.852+0000 [id=83]	INFO	h.model.UpdateCenter$DownloadJob#run: Starting the installation of ace-editor on behalf of admin
2019-08-14 16:18:53.345+0000 [id=83]	INFO	h.m.UpdateCenter$UpdateCenterConfiguration#download: Downloading ace-editor
2019-08-14 16:19:25.931+0000 [id=83]	INFO	h.model.UpdateCenter$DownloadJob#run: Installation successful: ace-editor
2019-08-14 16:19:25.931+0000 [id=83]	INFO	h.model.UpdateCenter$DownloadJob#run: Starting the installation of jquery-detached on behalf of admin
2019-08-14 16:19:28.073+0000 [id=83]	INFO	h.m.UpdateCenter$UpdateCenterConfiguration#download: Downloading jquery-detached
2019-08-14 16:19:30.396+0000 [id=83]	INFO	h.model.UpdateCenter$DownloadJob#run: Installation successful: jquery-detached
2019-08-14 16:19:30.397+0000 [id=83]	INFO	h.model.UpdateCenter$DownloadJob#run: Starting the installation of workflow-scm-step on behalf of admin
2019-08-14 16:19:32.185+0000 [id=83]	INFO	h.m.UpdateCenter$UpdateCenterConfiguration#download: Downloading workflow-scm-step
2019-08-14 16:19:32.818+0000 [id=83]	INFO	h.model.UpdateCenter$DownloadJob#run: Installation successful: workflow-scm-step
2019-08-14 16:19:32.818+0000 [id=83]	INFO	h.model.UpdateCenter$DownloadJob#run: Starting the installation of workflow-cps on behalf of admin
2019-08-14 16:19:34.626+0000 [id=83]	INFO	h.m.UpdateCenter$UpdateCenterConfiguration#download: Downloading workflow-cps
2019-08-14 16:19:39.476+0000 [id=83]	INFO	h.model.UpdateCenter$DownloadJob#run: Installation successful: workflow-cps
2019-08-14 16:19:39.476+0000 [id=83]	INFO	h.model.UpdateCenter$DownloadJob#run: Starting the installation of workflow-job on behalf of admin
2019-08-14 16:19:41.145+0000 [id=83]	INFO	h.m.UpdateCenter$UpdateCenterConfiguration#download: Downloading workflow-job
2019-08-14 16:19:42.286+0000 [id=83]	INFO	h.model.UpdateCenter$DownloadJob#run: Installation successful: workflow-job
2019-08-14 16:19:42.286+0000 [id=83]	INFO	h.model.UpdateCenter$DownloadJob#run: Starting the installation of apache-httpcomponents-client-4-api on behalf of admin
2019-08-14 16:19:43.872+0000 [id=83]	INFO	h.m.UpdateCenter$UpdateCenterConfiguration#download: Downloading apache-httpcomponents-client-4-api
2019-08-14 16:19:49.109+0000 [id=83]	INFO	h.model.UpdateCenter$DownloadJob#run: Installation successful: apache-httpcomponents-client-4-api
2019-08-14 16:19:49.110+0000 [id=83]	INFO	h.model.UpdateCenter$DownloadJob#run: Starting the installation of display-url-api on behalf of admin
2019-08-14 16:19:50.474+0000 [id=83]	INFO	h.m.UpdateCenter$UpdateCenterConfiguration#download: Downloading display-url-api
2019-08-14 16:19:51.308+0000 [id=83]	INFO	h.model.UpdateCenter$DownloadJob#run: Installation successful: display-url-api
2019-08-14 16:19:51.309+0000 [id=83]	INFO	h.model.UpdateCenter$DownloadJob#run: Starting the installation of mailer on behalf of admin
2019-08-14 16:19:53.109+0000 [id=83]	INFO	h.m.UpdateCenter$UpdateCenterConfiguration#download: Downloading mailer
2019-08-14 16:19:54.246+0000 [id=83]	INFO	h.model.UpdateCenter$DownloadJob#run: Installation successful: mailer
2019-08-14 16:19:54.246+0000 [id=83]	INFO	h.model.UpdateCenter$DownloadJob#run: Starting the installation of workflow-basic-steps on behalf of admin
2019-08-14 16:19:55.631+0000 [id=83]	INFO	h.m.UpdateCenter$UpdateCenterConfiguration#download: Downloading workflow-basic-steps
2019-08-14 16:19:56.552+0000 [id=83]	INFO	h.model.UpdateCenter$DownloadJob#run: Installation successful: workflow-basic-steps
2019-08-14 16:19:56.553+0000 [id=83]	INFO	h.model.UpdateCenter$DownloadJob#run: Starting the installation of gradle on behalf of admin
2019-08-14 16:19:58.345+0000 [id=83]	INFO	h.m.UpdateCenter$UpdateCenterConfiguration#download: Downloading gradle
2019-08-14 16:19:59.872+0000 [id=83]	WARNING	hudson.ClassicPluginStrategy#createClassJarFromWebInfClasses: Created C:\Program Files (x86)\Jenkins\plugins\gradle\WEB-INF\lib\classes.jar; update plugin to a version created with a newer harness
2019-08-14 16:19:59.878+0000 [id=83]	INFO	h.model.UpdateCenter$DownloadJob#run: Installation successful: gradle
2019-08-14 16:19:59.878+0000 [id=83]	INFO	h.model.UpdateCenter$DownloadJob#run: Starting the installation of pipeline-milestone-step on behalf of admin
2019-08-14 16:20:01.516+0000 [id=83]	INFO	h.m.UpdateCenter$UpdateCenterConfiguration#download: Downloading pipeline-milestone-step
2019-08-14 16:20:02.205+0000 [id=83]	INFO	h.model.UpdateCenter$DownloadJob#run: Installation successful: pipeline-milestone-step
2019-08-14 16:20:02.205+0000 [id=83]	INFO	h.model.UpdateCenter$DownloadJob#run: Starting the installation of jackson2-api on behalf of admin
2019-08-14 16:20:04.124+0000 [id=83]	INFO	h.m.UpdateCenter$UpdateCenterConfiguration#download: Downloading jackson2-api
2019-08-14 16:20:14.421+0000 [id=83]	INFO	h.model.UpdateCenter$DownloadJob#run: Installation successful: jackson2-api
2019-08-14 16:20:14.421+0000 [id=83]	INFO	h.model.UpdateCenter$DownloadJob#run: Starting the installation of pipeline-input-step on behalf of admin
2019-08-14 16:20:16.264+0000 [id=83]	INFO	h.m.UpdateCenter$UpdateCenterConfiguration#download: Downloading pipeline-input-step
2019-08-14 16:20:17.285+0000 [id=83]	INFO	h.model.UpdateCenter$DownloadJob#run: Installation successful: pipeline-input-step
2019-08-14 16:20:17.286+0000 [id=83]	INFO	h.model.UpdateCenter$DownloadJob#run: Starting the installation of pipeline-stage-step on behalf of admin
2019-08-14 16:20:18.874+0000 [id=83]	INFO	h.m.UpdateCenter$UpdateCenterConfiguration#download: Downloading pipeline-stage-step
2019-08-14 16:20:19.637+0000 [id=83]	INFO	h.model.UpdateCenter$DownloadJob#run: Installation successful: pipeline-stage-step
2019-08-14 16:20:19.637+0000 [id=83]	INFO	h.model.UpdateCenter$DownloadJob#run: Starting the installation of pipeline-graph-analysis on behalf of admin
2019-08-14 16:20:21.065+0000 [id=83]	INFO	h.m.UpdateCenter$UpdateCenterConfiguration#download: Downloading pipeline-graph-analysis
2019-08-14 16:20:21.645+0000 [id=83]	INFO	h.model.UpdateCenter$DownloadJob#run: Installation successful: pipeline-graph-analysis
2019-08-14 16:20:21.646+0000 [id=83]	INFO	h.model.UpdateCenter$DownloadJob#run: Starting the installation of pipeline-rest-api on behalf of admin
2019-08-14 16:20:23.384+0000 [id=83]	INFO	h.m.UpdateCenter$UpdateCenterConfiguration#download: Downloading pipeline-rest-api
2019-08-14 16:20:25.208+0000 [id=83]	INFO	h.model.UpdateCenter$DownloadJob#run: Installation successful: pipeline-rest-api
2019-08-14 16:20:25.208+0000 [id=83]	INFO	h.model.UpdateCenter$DownloadJob#run: Starting the installation of handlebars on behalf of admin
2019-08-14 16:20:26.568+0000 [id=83]	INFO	h.m.UpdateCenter$UpdateCenterConfiguration#download: Downloading handlebars
2019-08-14 16:20:27.431+0000 [id=83]	INFO	h.model.UpdateCenter$DownloadJob#run: Installation successful: handlebars
2019-08-14 16:20:27.432+0000 [id=83]	INFO	h.model.UpdateCenter$DownloadJob#run: Starting the installation of momentjs on behalf of admin
2019-08-14 16:20:28.805+0000 [id=83]	INFO	h.m.UpdateCenter$UpdateCenterConfiguration#download: Downloading momentjs
2019-08-14 16:20:29.622+0000 [id=83]	INFO	h.model.UpdateCenter$DownloadJob#run: Installation successful: momentjs
2019-08-14 16:20:29.622+0000 [id=83]	INFO	h.model.UpdateCenter$DownloadJob#run: Starting the installation of pipeline-stage-view on behalf of admin
2019-08-14 16:20:31.479+0000 [id=83]	INFO	h.m.UpdateCenter$UpdateCenterConfiguration#download: Downloading pipeline-stage-view
2019-08-14 16:20:33.229+0000 [id=83]	INFO	h.model.UpdateCenter$DownloadJob#run: Installation successful: pipeline-stage-view
2019-08-14 16:20:33.230+0000 [id=83]	INFO	h.model.UpdateCenter$DownloadJob#run: Starting the installation of pipeline-build-step on behalf of admin
2019-08-14 16:20:34.704+0000 [id=83]	INFO	h.m.UpdateCenter$UpdateCenterConfiguration#download: Downloading pipeline-build-step
2019-08-14 16:20:35.604+0000 [id=83]	INFO	h.model.UpdateCenter$DownloadJob#run: Installation successful: pipeline-build-step
2019-08-14 16:20:35.604+0000 [id=83]	INFO	h.model.UpdateCenter$DownloadJob#run: Starting the installation of pipeline-model-api on behalf of admin
2019-08-14 16:20:37.072+0000 [id=83]	INFO	h.m.UpdateCenter$UpdateCenterConfiguration#download: Downloading pipeline-model-api
2019-08-14 16:20:44.867+0000 [id=83]	INFO	h.model.UpdateCenter$DownloadJob#run: Installation successful: pipeline-model-api
2019-08-14 16:20:44.867+0000 [id=83]	INFO	h.model.UpdateCenter$DownloadJob#run: Starting the installation of pipeline-model-extensions on behalf of admin
2019-08-14 16:20:46.353+0000 [id=83]	INFO	h.m.UpdateCenter$UpdateCenterConfiguration#download: Downloading pipeline-model-extensions
2019-08-14 16:20:46.954+0000 [id=83]	INFO	h.model.UpdateCenter$DownloadJob#run: Installation successful: pipeline-model-extensions
2019-08-14 16:20:46.954+0000 [id=83]	INFO	h.model.UpdateCenter$DownloadJob#run: Starting the installation of jsch on behalf of admin
2019-08-14 16:20:48.504+0000 [id=83]	INFO	h.m.UpdateCenter$UpdateCenterConfiguration#download: Downloading jsch
2019-08-14 16:20:50.459+0000 [id=83]	INFO	h.model.UpdateCenter$DownloadJob#run: Installation successful: jsch
2019-08-14 16:20:50.459+0000 [id=83]	INFO	h.model.UpdateCenter$DownloadJob#run: Starting the installation of git-client on behalf of admin
2019-08-14 16:20:52.343+0000 [id=83]	INFO	h.m.UpdateCenter$UpdateCenterConfiguration#download: Downloading git-client
2019-08-14 16:20:58.209+0000 [id=83]	INFO	h.model.UpdateCenter$DownloadJob#run: Installation successful: git-client
2019-08-14 16:20:58.209+0000 [id=83]	INFO	h.model.UpdateCenter$DownloadJob#run: Starting the installation of git-server on behalf of admin
2019-08-14 16:20:59.944+0000 [id=83]	INFO	h.m.UpdateCenter$UpdateCenterConfiguration#download: Downloading git-server
2019-08-14 16:21:01.294+0000 [id=83]	INFO	h.model.UpdateCenter$DownloadJob#run: Installation successful: git-server
2019-08-14 16:21:01.294+0000 [id=83]	INFO	h.model.UpdateCenter$DownloadJob#run: Starting the installation of workflow-cps-global-lib on behalf of admin
2019-08-14 16:21:03.068+0000 [id=83]	INFO	h.m.UpdateCenter$UpdateCenterConfiguration#download: Downloading workflow-cps-global-lib
2019-08-14 16:21:21.857+0000 [id=83]	INFO	h.model.UpdateCenter$DownloadJob#run: Installation successful: workflow-cps-global-lib
2019-08-14 16:21:21.858+0000 [id=83]	INFO	h.model.UpdateCenter$DownloadJob#run: Starting the installation of branch-api on behalf of admin
2019-08-14 16:21:23.550+0000 [id=83]	INFO	h.m.UpdateCenter$UpdateCenterConfiguration#download: Downloading branch-api
2019-08-14 16:21:25.954+0000 [id=83]	INFO	h.model.UpdateCenter$DownloadJob#run: Installation successful: branch-api
2019-08-14 16:21:25.954+0000 [id=83]	INFO	h.model.UpdateCenter$DownloadJob#run: Starting the installation of workflow-multibranch on behalf of admin
2019-08-14 16:21:27.883+0000 [id=83]	INFO	h.m.UpdateCenter$UpdateCenterConfiguration#download: Downloading workflow-multibranch
2019-08-14 16:21:28.952+0000 [id=83]	INFO	h.model.UpdateCenter$DownloadJob#run: Installation successful: workflow-multibranch
2019-08-14 16:21:28.952+0000 [id=83]	INFO	h.model.UpdateCenter$DownloadJob#run: Starting the installation of authentication-tokens on behalf of admin
2019-08-14 16:21:30.745+0000 [id=83]	INFO	h.m.UpdateCenter$UpdateCenterConfiguration#download: Downloading authentication-tokens
2019-08-14 16:21:31.354+0000 [id=83]	INFO	h.model.UpdateCenter$DownloadJob#run: Installation successful: authentication-tokens
2019-08-14 16:21:31.354+0000 [id=83]	INFO	h.model.UpdateCenter$DownloadJob#run: Starting the installation of docker-commons on behalf of admin
2019-08-14 16:21:32.848+0000 [id=83]	INFO	h.m.UpdateCenter$UpdateCenterConfiguration#download: Downloading docker-commons
2019-08-14 16:21:34.164+0000 [id=83]	INFO	h.model.UpdateCenter$DownloadJob#run: Installation successful: docker-commons
2019-08-14 16:21:34.165+0000 [id=83]	INFO	h.model.UpdateCenter$DownloadJob#run: Starting the installation of docker-workflow on behalf of admin
2019-08-14 16:21:35.921+0000 [id=83]	INFO	h.m.UpdateCenter$UpdateCenterConfiguration#download: Downloading docker-workflow
2019-08-14 16:21:37.112+0000 [id=83]	INFO	h.model.UpdateCenter$DownloadJob#run: Installation successful: docker-workflow
2019-08-14 16:21:37.112+0000 [id=83]	INFO	h.model.UpdateCenter$DownloadJob#run: Starting the installation of pipeline-stage-tags-metadata on behalf of admin
2019-08-14 16:21:39.057+0000 [id=83]	INFO	h.m.UpdateCenter$UpdateCenterConfiguration#download: Downloading pipeline-stage-tags-metadata
2019-08-14 16:21:39.478+0000 [id=83]	INFO	h.model.UpdateCenter$DownloadJob#run: Installation successful: pipeline-stage-tags-metadata
2019-08-14 16:21:39.479+0000 [id=83]	INFO	h.model.UpdateCenter$DownloadJob#run: Starting the installation of pipeline-model-declarative-agent on behalf of admin
2019-08-14 16:21:41.222+0000 [id=83]	INFO	h.m.UpdateCenter$UpdateCenterConfiguration#download: Downloading pipeline-model-declarative-agent
2019-08-14 16:21:41.478+0000 [id=83]	INFO	h.model.UpdateCenter$DownloadJob#run: Installation successful: pipeline-model-declarative-agent
2019-08-14 16:21:41.478+0000 [id=83]	INFO	h.model.UpdateCenter$DownloadJob#run: Starting the installation of pipeline-model-definition on behalf of admin
2019-08-14 16:21:43.223+0000 [id=83]	INFO	h.m.UpdateCenter$UpdateCenterConfiguration#download: Downloading pipeline-model-definition
2019-08-14 16:21:51.998+0000 [id=83]	INFO	h.model.UpdateCenter$DownloadJob#run: Installation successful: pipeline-model-definition
2019-08-14 16:21:51.998+0000 [id=83]	INFO	h.model.UpdateCenter$DownloadJob#run: Starting the installation of lockable-resources on behalf of admin
2019-08-14 16:21:53.357+0000 [id=83]	INFO	h.m.UpdateCenter$UpdateCenterConfiguration#download: Downloading lockable-resources
2019-08-14 16:21:54.378+0000 [id=83]	INFO	h.model.UpdateCenter$DownloadJob#run: Installation successful: lockable-resources
2019-08-14 16:21:54.378+0000 [id=83]	INFO	h.model.UpdateCenter$DownloadJob#run: Starting the installation of workflow-aggregator on behalf of admin
2019-08-14 16:21:56.591+0000 [id=83]	INFO	h.m.UpdateCenter$UpdateCenterConfiguration#download: Downloading workflow-aggregator
2019-08-14 16:21:56.858+0000 [id=83]	INFO	h.model.UpdateCenter$DownloadJob#run: Installation successful: workflow-aggregator
2019-08-14 16:21:56.858+0000 [id=83]	INFO	h.model.UpdateCenter$DownloadJob#run: Starting the installation of github-api on behalf of admin
2019-08-14 16:21:58.664+0000 [id=83]	INFO	h.m.UpdateCenter$UpdateCenterConfiguration#download: Downloading github-api
2019-08-14 16:22:05.127+0000 [id=83]	INFO	h.model.UpdateCenter$DownloadJob#run: Installation successful: github-api
2019-08-14 16:22:05.128+0000 [id=83]	INFO	h.model.UpdateCenter$DownloadJob#run: Starting the installation of git on behalf of admin
2019-08-14 16:22:06.760+0000 [id=83]	INFO	h.m.UpdateCenter$UpdateCenterConfiguration#download: Downloading git
2019-08-14 16:22:15.246+0000 [id=83]	INFO	h.model.UpdateCenter$DownloadJob#run: Installation successful: git
2019-08-14 16:22:15.247+0000 [id=83]	INFO	h.model.UpdateCenter$DownloadJob#run: Starting the installation of github on behalf of admin
2019-08-14 16:22:17.143+0000 [id=83]	INFO	h.m.UpdateCenter$UpdateCenterConfiguration#download: Downloading github
2019-08-14 16:22:25.216+0000 [id=83]	INFO	h.model.UpdateCenter$DownloadJob#run: Installation successful: github
2019-08-14 16:22:25.216+0000 [id=83]	INFO	h.model.UpdateCenter$DownloadJob#run: Starting the installation of github-branch-source on behalf of admin
2019-08-14 16:22:26.829+0000 [id=83]	INFO	h.m.UpdateCenter$UpdateCenterConfiguration#download: Downloading github-branch-source
2019-08-14 16:22:29.050+0000 [id=83]	INFO	h.model.UpdateCenter$DownloadJob#run: Installation successful: github-branch-source
2019-08-14 16:22:29.051+0000 [id=83]	INFO	h.model.UpdateCenter$DownloadJob#run: Starting the installation of pipeline-github-lib on behalf of admin
2019-08-14 16:22:30.905+0000 [id=83]	INFO	h.m.UpdateCenter$UpdateCenterConfiguration#download: Downloading pipeline-github-lib
2019-08-14 16:22:31.262+0000 [id=83]	INFO	h.model.UpdateCenter$DownloadJob#run: Installation successful: pipeline-github-lib
2019-08-14 16:22:31.263+0000 [id=83]	INFO	h.model.UpdateCenter$DownloadJob#run: Starting the installation of pipeline-stage-view on behalf of admin
2019-08-14 16:22:31.264+0000 [id=83]	INFO	h.m.UpdateCenter$InstallationJob#_run: Skipping duplicate install of: Pipeline: Stage View@2.12
2019-08-14 16:22:31.264+0000 [id=83]	INFO	h.model.UpdateCenter$DownloadJob#run: Installation successful: pipeline-stage-view
2019-08-14 16:22:31.265+0000 [id=83]	INFO	h.model.UpdateCenter$DownloadJob#run: Starting the installation of git on behalf of admin
2019-08-14 16:22:31.265+0000 [id=83]	INFO	h.m.UpdateCenter$InstallationJob#_run: Skipping duplicate install of: Git@3.11.0
2019-08-14 16:22:31.265+0000 [id=83]	INFO	h.model.UpdateCenter$DownloadJob#run: Installation successful: git
2019-08-14 16:22:31.266+0000 [id=83]	INFO	h.model.UpdateCenter$DownloadJob#run: Starting the installation of mapdb-api on behalf of admin
2019-08-14 16:22:33.063+0000 [id=83]	INFO	h.m.UpdateCenter$UpdateCenterConfiguration#download: Downloading mapdb-api
2019-08-14 16:22:36.510+0000 [id=83]	INFO	h.model.UpdateCenter$DownloadJob#run: Installation successful: mapdb-api
2019-08-14 16:22:36.510+0000 [id=83]	INFO	h.model.UpdateCenter$DownloadJob#run: Starting the installation of subversion on behalf of admin
2019-08-14 16:22:38.230+0000 [id=83]	INFO	h.m.UpdateCenter$UpdateCenterConfiguration#download: Downloading subversion
2019-08-14 16:22:51.913+0000 [id=83]	INFO	h.model.UpdateCenter$DownloadJob#run: Installation successful: subversion
2019-08-14 16:22:51.913+0000 [id=83]	INFO	h.model.UpdateCenter$DownloadJob#run: Starting the installation of ssh-slaves on behalf of admin
2019-08-14 16:22:53.716+0000 [id=83]	INFO	h.m.UpdateCenter$UpdateCenterConfiguration#download: Downloading ssh-slaves
2019-08-14 16:22:55.042+0000 [id=83]	INFO	h.model.UpdateCenter$DownloadJob#run: Installation successful: ssh-slaves
2019-08-14 16:22:55.042+0000 [id=83]	INFO	h.model.UpdateCenter$DownloadJob#run: Starting the installation of matrix-auth on behalf of admin
2019-08-14 16:22:56.903+0000 [id=83]	INFO	h.m.UpdateCenter$UpdateCenterConfiguration#download: Downloading matrix-auth
2019-08-14 16:22:58.486+0000 [id=83]	INFO	h.model.UpdateCenter$DownloadJob#run: Installation successful: matrix-auth
2019-08-14 16:22:58.487+0000 [id=83]	INFO	h.model.UpdateCenter$DownloadJob#run: Starting the installation of pam-auth on behalf of admin
2019-08-14 16:23:00.151+0000 [id=83]	INFO	h.m.UpdateCenter$UpdateCenterConfiguration#download: Downloading pam-auth
2019-08-14 16:23:03.585+0000 [id=83]	INFO	h.model.UpdateCenter$DownloadJob#run: Installation successful: pam-auth
2019-08-14 16:23:03.585+0000 [id=83]	INFO	h.model.UpdateCenter$DownloadJob#run: Starting the installation of ldap on behalf of admin
2019-08-14 16:23:05.224+0000 [id=83]	INFO	h.m.UpdateCenter$UpdateCenterConfiguration#download: Downloading ldap
2019-08-14 16:23:06.516+0000 [id=83]	INFO	h.model.UpdateCenter$DownloadJob#run: Installation successful: ldap
2019-08-14 16:23:06.516+0000 [id=83]	INFO	h.model.UpdateCenter$DownloadJob#run: Starting the installation of email-ext on behalf of admin
2019-08-14 16:23:08.040+0000 [id=83]	INFO	h.m.UpdateCenter$UpdateCenterConfiguration#download: Downloading email-ext
2019-08-14 16:23:14.634+0000 [id=83]	INFO	h.model.UpdateCenter$DownloadJob#run: Installation successful: email-ext
2019-08-14 16:23:14.635+0000 [id=83]	INFO	h.model.UpdateCenter$DownloadJob#run: Starting the installation of mailer on behalf of admin
2019-08-14 16:23:14.635+0000 [id=83]	INFO	h.m.UpdateCenter$InstallationJob#_run: Skipping duplicate install of: Mailer@1.24
2019-08-14 16:23:14.635+0000 [id=83]	INFO	h.model.UpdateCenter$DownloadJob#run: Installation successful: mailer
2019-08-14 16:23:14.636+0000 [id=83]	INFO	h.m.UpdateCenter$CompleteBatchJob#run: Completing installing of plugin batch¡K
2019-08-14 16:23:30.877+0000 [id=83]	INFO	h.m.DownloadService$Downloadable#load: Obtained the updated data file for hudson.tools.JDKInstaller
2019-08-14 16:23:31.107+0000 [id=83]	INFO	h.ExtensionFinder$GuiceFinder$FaultTolerantScope$1#error: Failed to instantiate optional component hudson.plugins.build_timeout.operations.AbortAndRestartOperation$DescriptorImpl; skipping
2019-08-14 16:23:32.395+0000 [id=83]	INFO	h.m.DownloadService$Downloadable#load: Obtained the updated data file for hudson.tasks.Ant.AntInstaller
2019-08-14 16:23:34.143+0000 [id=83]	INFO	h.m.DownloadService$Downloadable#load: Obtained the updated data file for hudson.plugins.gradle.GradleInstaller
2019-08-14 16:23:36.036+0000 [id=83]	INFO	h.ExtensionFinder$GuiceFinder$FaultTolerantScope$1#error: Failed to instantiate optional component hudson.plugins.build_timeout.operations.AbortAndRestartOperation$DescriptorImpl; skipping
2019-08-14 16:23:36.056+0000 [id=83]	INFO	h.ExtensionFinder$GuiceFinder$FaultTolerantScope$1#error: Failed to instantiate optional component hudson.plugins.build_timeout.operations.AbortAndRestartOperation$DescriptorImpl; skipping
2019-08-14 16:23:36.070+0000 [id=83]	INFO	h.ExtensionFinder$GuiceFinder$FaultTolerantScope$1#error: Failed to instantiate optional component hudson.plugins.build_timeout.operations.AbortAndRestartOperation$DescriptorImpl; skipping
2019-08-14 16:23:36.084+0000 [id=83]	INFO	h.ExtensionFinder$GuiceFinder$FaultTolerantScope$1#error: Failed to instantiate optional component hudson.plugins.build_timeout.operations.AbortAndRestartOperation$DescriptorImpl; skipping
2019-08-14 16:23:36.090+0000 [id=83]	INFO	h.ExtensionFinder$GuiceFinder$FaultTolerantScope$1#error: Failed to instantiate optional component hudson.plugins.build_timeout.operations.AbortAndRestartOperation$DescriptorImpl; skipping
2019-08-14 16:23:36.224+0000 [id=103]	INFO	jenkins.InitReactorRunner$1#onAttained: Started initialization
2019-08-14 16:23:36.225+0000 [id=104]	INFO	jenkins.InitReactorRunner$1#onAttained: Listed all plugins
2019-08-14 16:23:36.225+0000 [id=104]	INFO	jenkins.InitReactorRunner$1#onAttained: Prepared all plugins
2019-08-14 16:23:36.227+0000 [id=105]	INFO	jenkins.InitReactorRunner$1#onAttained: Started all plugins
2019-08-14 16:23:36.296+0000 [id=108]	INFO	jenkins.InitReactorRunner$1#onAttained: Augmented all extensions
2019-08-14 16:23:36.330+0000 [id=106]	INFO	jenkins.InitReactorRunner$1#onAttained: Loaded all jobs
2019-08-14 16:23:37.741+0000 [id=105]	INFO	jenkins.InitReactorRunner$1#onAttained: Completed initialization
2019-08-14 16:23:38.545+0000 [id=83]	INFO	h.m.UpdateCenter$CompleteBatchJob#run: Completed installation of 74 plugins in 6 ¤À 43 ¬í
2019-08-14 16:25:38.514+0000 [id=10]	INFO	hudson.util.Retrier#start: Attempt #1 to do the action check updates server
2019-08-14 16:25:54.720+0000 [id=10]	INFO	hudson.model.UpdateSite#updateData: Obtained the latest update center data file for UpdateSource default
2019-08-14 16:25:56.517+0000 [id=10]	INFO	h.m.DownloadService$Downloadable#load: Obtained the updated data file for hudson.tasks.Maven.MavenInstaller
2019-08-14 16:25:56.928+0000 [id=10]	INFO	h.m.DownloadService$Downloadable#load: Obtained the updated data file for hudson.tasks.Ant.AntInstaller
2019-08-14 16:25:57.590+0000 [id=10]	INFO	h.m.DownloadService$Downloadable#load: Obtained the updated data file for hudson.plugins.gradle.GradleInstaller
2019-08-14 16:26:00.414+0000 [id=10]	INFO	h.m.DownloadService$Downloadable#load: Obtained the updated data file for hudson.tools.JDKInstaller
2019-08-14 16:26:00.415+0000 [id=10]	INFO	hudson.util.Retrier#start: Performed the action check updates server successfully at the attempt #1
2019-08-14 16:30:19.954+0000 [id=10]	INFO	hudson.PluginManager#install: Starting installation of a batch of 8 plugins plus their dependencies
2019-08-14 16:30:19.966+0000 [id=123]	INFO	h.model.UpdateCenter$DownloadJob#run: Starting the installation of mstest on behalf of 7600
2019-08-14 16:30:19.966+0000 [id=10]	INFO	hudson.model.UpdateSite$Plugin#deploy: Adding dependent install of windows-slaves for plugin powershell
2019-08-14 16:30:19.967+0000 [id=10]	INFO	hudson.model.UpdateSite$Plugin#deploy: Adding dependent install of external-monitor-job for plugin powershell
2019-08-14 16:30:19.971+0000 [id=10]	INFO	hudson.model.UpdateSite$Plugin#deploy: Adding dependent install of code-coverage-api for plugin sonarqube-generic-coverage
2019-08-14 16:30:22.367+0000 [id=123]	INFO	h.m.UpdateCenter$UpdateCenterConfiguration#download: Downloading mstest
2019-08-14 16:30:23.693+0000 [id=123]	INFO	h.model.UpdateCenter$DownloadJob#run: Installation successful: mstest
2019-08-14 16:30:23.693+0000 [id=123]	INFO	h.model.UpdateCenter$DownloadJob#run: Starting the installation of mstestrunner on behalf of 7600
2019-08-14 16:30:25.590+0000 [id=123]	INFO	h.m.UpdateCenter$UpdateCenterConfiguration#download: Downloading mstestrunner
2019-08-14 16:30:26.467+0000 [id=123]	INFO	h.model.UpdateCenter$DownloadJob#run: Installation successful: mstestrunner
2019-08-14 16:30:26.467+0000 [id=123]	INFO	h.model.UpdateCenter$DownloadJob#run: Starting the installation of windows-slaves on behalf of 7600
2019-08-14 16:30:28.738+0000 [id=123]	INFO	h.m.UpdateCenter$UpdateCenterConfiguration#download: Downloading windows-slaves
2019-08-14 16:30:32.602+0000 [id=123]	INFO	h.model.UpdateCenter$DownloadJob#run: Installation successful: windows-slaves
2019-08-14 16:30:32.602+0000 [id=123]	INFO	h.model.UpdateCenter$DownloadJob#run: Starting the installation of external-monitor-job on behalf of 7600
2019-08-14 16:30:34.403+0000 [id=123]	INFO	h.m.UpdateCenter$UpdateCenterConfiguration#download: Downloading external-monitor-job
2019-08-14 16:30:35.901+0000 [id=123]	INFO	h.model.UpdateCenter$DownloadJob#run: Installation successful: external-monitor-job
2019-08-14 16:30:35.901+0000 [id=123]	INFO	h.model.UpdateCenter$DownloadJob#run: Starting the installation of powershell on behalf of 7600
2019-08-14 16:30:37.758+0000 [id=123]	INFO	h.m.UpdateCenter$UpdateCenterConfiguration#download: Downloading powershell
2019-08-14 16:30:38.272+0000 [id=123]	WARNING	hudson.ClassicPluginStrategy#createClassJarFromWebInfClasses: Created C:\Program Files (x86)\Jenkins\plugins\powershell\WEB-INF\lib\classes.jar; update plugin to a version created with a newer harness
2019-08-14 16:30:38.285+0000 [id=123]	INFO	h.model.UpdateCenter$DownloadJob#run: Installation successful: powershell
2019-08-14 16:30:38.285+0000 [id=123]	INFO	h.model.UpdateCenter$DownloadJob#run: Starting the installation of sonar on behalf of 7600
2019-08-14 16:30:39.938+0000 [id=123]	INFO	h.m.UpdateCenter$UpdateCenterConfiguration#download: Downloading sonar
2019-08-14 16:30:50.086+0000 [id=123]	INFO	h.model.UpdateCenter$DownloadJob#run: Installation successful: sonar
2019-08-14 16:30:50.086+0000 [id=123]	INFO	h.model.UpdateCenter$DownloadJob#run: Starting the installation of windocks-start-container on behalf of 7600
2019-08-14 16:30:51.736+0000 [id=123]	INFO	h.m.UpdateCenter$UpdateCenterConfiguration#download: Downloading windocks-start-container
2019-08-14 16:30:54.103+0000 [id=123]	INFO	h.model.UpdateCenter$DownloadJob#run: Installation successful: windocks-start-container
2019-08-14 16:30:54.103+0000 [id=123]	INFO	h.model.UpdateCenter$DownloadJob#run: Starting the installation of vstestrunner on behalf of 7600
2019-08-14 16:30:56.211+0000 [id=123]	INFO	h.m.UpdateCenter$UpdateCenterConfiguration#download: Downloading vstestrunner
2019-08-14 16:30:57.448+0000 [id=123]	INFO	h.model.UpdateCenter$DownloadJob#run: Installation successful: vstestrunner
2019-08-14 16:30:57.449+0000 [id=123]	INFO	h.model.UpdateCenter$DownloadJob#run: Starting the installation of code-coverage-api on behalf of 7600
2019-08-14 16:30:59.319+0000 [id=123]	INFO	h.m.UpdateCenter$UpdateCenterConfiguration#download: Downloading code-coverage-api
2019-08-14 16:31:11.664+0000 [id=123]	INFO	h.model.UpdateCenter$DownloadJob#run: Installation successful: code-coverage-api
2019-08-14 16:31:11.664+0000 [id=123]	INFO	h.model.UpdateCenter$DownloadJob#run: Starting the installation of sonarqube-generic-coverage on behalf of 7600
2019-08-14 16:31:14.504+0000 [id=123]	INFO	h.m.UpdateCenter$UpdateCenterConfiguration#download: Downloading sonarqube-generic-coverage
2019-08-14 16:31:14.851+0000 [id=123]	INFO	h.model.UpdateCenter$DownloadJob#run: Installation successful: sonarqube-generic-coverage
2019-08-14 16:31:14.851+0000 [id=123]	INFO	h.model.UpdateCenter$DownloadJob#run: Starting the installation of msbuild on behalf of 7600
2019-08-14 16:31:17.141+0000 [id=123]	INFO	h.m.UpdateCenter$UpdateCenterConfiguration#download: Downloading msbuild
2019-08-14 16:31:18.903+0000 [id=123]	INFO	h.model.UpdateCenter$DownloadJob#run: Installation successful: msbuild
2019-08-14 16:31:18.903+0000 [id=123]	INFO	h.m.UpdateCenter$CompleteBatchJob#run: Completing installing of plugin batch¡K
2019-08-14 16:31:21.815+0000 [id=123]	INFO	h.m.DownloadService$Downloadable#load: Obtained the updated data file for hudson.plugins.sonar.MsBuildSonarQubeRunnerInstaller
2019-08-14 16:31:21.832+0000 [id=123]	INFO	h.ExtensionFinder$GuiceFinder$FaultTolerantScope$1#error: Failed to instantiate optional component hudson.plugins.sonar.SonarPublisher$DescriptorImpl; skipping
2019-08-14 16:31:22.275+0000 [id=123]	INFO	h.m.DownloadService$Downloadable#load: Obtained the updated data file for hudson.plugins.sonar.SonarRunnerInstaller
2019-08-14 16:31:22.406+0000 [id=123]	INFO	h.ExtensionFinder$GuiceFinder$FaultTolerantScope$1#error: Failed to instantiate optional component hudson.plugins.sonar.SonarPublisher$DescriptorImpl; skipping
2019-08-14 16:31:22.409+0000 [id=123]	INFO	h.ExtensionFinder$GuiceFinder$FaultTolerantScope$1#error: Failed to instantiate optional component hudson.plugins.sonar.SonarPublisher$DescriptorImpl; skipping
2019-08-14 16:31:22.411+0000 [id=123]	INFO	h.ExtensionFinder$GuiceFinder$FaultTolerantScope$1#error: Failed to instantiate optional component hudson.plugins.sonar.SonarPublisher$DescriptorImpl; skipping
2019-08-14 16:31:22.414+0000 [id=123]	INFO	h.ExtensionFinder$GuiceFinder$FaultTolerantScope$1#error: Failed to instantiate optional component hudson.plugins.sonar.SonarPublisher$DescriptorImpl; skipping
2019-08-14 16:31:22.416+0000 [id=123]	INFO	h.ExtensionFinder$GuiceFinder$FaultTolerantScope$1#error: Failed to instantiate optional component hudson.plugins.sonar.SonarPublisher$DescriptorImpl; skipping
2019-08-14 16:31:22.419+0000 [id=123]	INFO	h.ExtensionFinder$GuiceFinder$FaultTolerantScope$1#error: Failed to instantiate optional component hudson.plugins.sonar.SonarPublisher$DescriptorImpl; skipping
2019-08-14 16:31:22.427+0000 [id=123]	INFO	h.ExtensionFinder$GuiceFinder$FaultTolerantScope$1#error: Failed to instantiate optional component hudson.plugins.sonar.SonarPublisher$DescriptorImpl; skipping
2019-08-14 16:31:22.514+0000 [id=128]	INFO	jenkins.InitReactorRunner$1#onAttained: Started initialization
2019-08-14 16:31:22.515+0000 [id=132]	INFO	jenkins.InitReactorRunner$1#onAttained: Listed all plugins
2019-08-14 16:31:22.516+0000 [id=129]	INFO	jenkins.InitReactorRunner$1#onAttained: Prepared all plugins
2019-08-14 16:31:22.516+0000 [id=131]	INFO	jenkins.InitReactorRunner$1#onAttained: Started all plugins
2019-08-14 16:31:22.516+0000 [id=131]	INFO	jenkins.InitReactorRunner$1#onAttained: Augmented all extensions
2019-08-14 16:31:22.517+0000 [id=133]	INFO	jenkins.InitReactorRunner$1#onAttained: Loaded all jobs
2019-08-14 16:31:22.521+0000 [id=131]	INFO	h.ExtensionFinder$GuiceFinder$FaultTolerantScope$1#error: Failed to instantiate optional component hudson.plugins.sonar.SonarPublisher$DescriptorImpl; skipping
2019-08-14 16:31:22.849+0000 [id=129]	INFO	jenkins.InitReactorRunner$1#onAttained: Completed initialization
2019-08-14 16:31:23.667+0000 [id=123]	INFO	h.m.UpdateCenter$CompleteBatchJob#run: Completed installation of 11 plugins in 1 ¤À 3 ¬í
